<?xml version="1.0" encoding="UTF-8"?>
<testng-results ignored="0" total="2" passed="2" failed="0" skipped="0">
  <reporter-output>
  </reporter-output>
  <suite started-at="2024-08-01T07:43:25 IST" name="Default suite" finished-at="2024-08-01T07:43:27 IST" duration-ms="1534">
    <groups>
      <group name="cucumber">
        <method signature="AbstractTestNGCucumberTests.runScenario(io.cucumber.testng.PickleWrapper,io.cucumber.testng.FeatureWrapper)[pri:0, instance:runner.OrderConfirmationRunner@1e1a0406]" name="runScenario" class="io.cucumber.testng.AbstractTestNGCucumberTests"/>
      </group> <!-- cucumber -->
    </groups>
    <test started-at="2024-08-01T07:43:25 IST" name="Default test" finished-at="2024-08-01T07:43:27 IST" duration-ms="1534">
      <class name="runner.OrderConfirmationRunner">
        <test-method is-config="true" signature="setUpClass(org.testng.ITestContext)[pri:0, instance:runner.OrderConfirmationRunner@1e1a0406]" started-at="2024-08-01T07:43:25 IST" name="setUpClass" finished-at="2024-08-01T07:43:26 IST" duration-ms="582" status="PASS">
          <params>
            <param index="0">
              <value>
                <![CDATA[org.testng.TestRunner@55795845]]>
              </value>
            </param>
          </params>
          <reporter-output>
          </reporter-output>
        </test-method> <!-- setUpClass -->
        <test-method signature="runScenario(io.cucumber.testng.PickleWrapper,io.cucumber.testng.FeatureWrapper)[pri:0, instance:runner.OrderConfirmationRunner@1e1a0406]" started-at="2024-08-01T07:43:26 IST" name="runScenario" description="Runs Cucumber Scenarios" data-provider="scenarios" finished-at="2024-08-01T07:43:27 IST" duration-ms="698" status="PASS">
          <params>
            <param index="0">
              <value>
                <![CDATA["Order confirmation"]]>
              </value>
            </param>
            <param index="1">
              <value>
                <![CDATA["Placing order feature"]]>
              </value>
            </param>
          </params>
          <reporter-output>
          </reporter-output>
        </test-method> <!-- runScenario -->
        <test-method signature="runScenario(io.cucumber.testng.PickleWrapper,io.cucumber.testng.FeatureWrapper)[pri:0, instance:runner.OrderConfirmationRunner@1e1a0406]" started-at="2024-08-01T07:43:27 IST" name="runScenario" description="Runs Cucumber Scenarios" data-provider="scenarios" finished-at="2024-08-01T07:43:27 IST" duration-ms="93" status="PASS">
          <params>
            <param index="0">
              <value>
                <![CDATA["title confirmation"]]>
              </value>
            </param>
            <param index="1">
              <value>
                <![CDATA["Placing order feature"]]>
              </value>
            </param>
          </params>
          <reporter-output>
          </reporter-output>
        </test-method> <!-- runScenario -->
        <test-method is-config="true" signature="tearDownClass()[pri:0, instance:runner.OrderConfirmationRunner@1e1a0406]" started-at="2024-08-01T07:43:27 IST" name="tearDownClass" finished-at="2024-08-01T07:43:27 IST" duration-ms="7" status="PASS">
          <reporter-output>
          </reporter-output>
        </test-method> <!-- tearDownClass -->
      </class> <!-- runner.OrderConfirmationRunner -->
    </test> <!-- Default test -->
  </suite> <!-- Default suite -->
</testng-results>
